# JRE version: OpenJDK Runtime Environment (8.0_152-b01) (build 1.8.0_152-release-1343-b01)
# Java VM: OpenJDK 64-Bit Server VM (25.152-b01 mixed mode windows-amd64 compressed oops)
Heap:
 PSYoungGen      total 388096K, used 95847K [0x00000000e0000000, 0x00000000ff480000, 0x0000000100000000)
  eden space 263680K, 12% used [0x00000000e0000000,0x00000000e209ae48,0x00000000f0180000)
  from space 124416K, 50% used [0x00000000f0180000,0x00000000f3e7f018,0x00000000f7b00000)
  to   space 118272K, 0% used [0x00000000f8100000,0x00000000f8100000,0x00000000ff480000)
 ParOldGen       total 472576K, used 154944K [0x00000000a0000000, 0x00000000bcd80000, 0x00000000e0000000)
  object space 472576K, 32% used [0x00000000a0000000,0x00000000a9750230,0x00000000bcd80000)
 Metaspace       used 103943K, capacity 108952K, committed 109056K, reserved 1144832K
  class space    used 12639K, capacity 13511K, committed 13568K, reserved 1048576K
GC Heap History (10 events):
Event: 3260.290 GC heap before
{Heap before GC invocations=36 (full 5):
 PSYoungGen      total 356864K, used 269108K [0x00000000e0000000, 0x00000000fef00000, 0x0000000100000000)
  eden space 222208K, 100% used [0x00000000e0000000,0x00000000ed900000,0x00000000ed900000)
  from space 134656K, 34% used [0x00000000f6b80000,0x00000000f994d3d0,0x00000000fef00000)
  to   space 142336K, 0% used [0x00000000ed900000,0x00000000ed900000,0x00000000f6400000)
 ParOldGen       total 472576K, used 153878K [0x00000000a0000000, 0x00000000bcd80000, 0x00000000e0000000)
  object space 472576K, 32% used [0x00000000a0000000,0x00000000a9645a08,0x00000000bcd80000)
 Metaspace       used 100652K, capacity 105418K, committed 106880K, reserved 1142784K
  class space    used 12334K, capacity 13188K, committed 13440K, reserved 1048576K
Event: 3260.335 GC heap after
Heap after GC invocations=36 (full 5):
 PSYoungGen      total 364544K, used 47845K [0x00000000e0000000, 0x00000000ffb80000, 0x0000000100000000)
  eden space 222208K, 0% used [0x00000000e0000000,0x00000000e0000000,0x00000000ed900000)
  from space 142336K, 33% used [0x00000000ed900000,0x00000000f07b9770,0x00000000f6400000)
  to   space 136192K, 0% used [0x00000000f7680000,0x00000000f7680000,0x00000000ffb80000)
 ParOldGen       total 472576K, used 153886K [0x00000000a0000000, 0x00000000bcd80000, 0x00000000e0000000)
  object space 472576K, 32% used [0x00000000a0000000,0x00000000a9647a08,0x00000000bcd80000)
 Metaspace       used 100652K, capacity 105418K, committed 106880K, reserved 1142784K
  class space    used 12334K, capacity 13188K, committed 13440K, reserved 1048576K
}
Event: 3263.082 GC heap before
{Heap before GC invocations=37 (full 5):
 PSYoungGen      total 364544K, used 270053K [0x00000000e0000000, 0x00000000ffb80000, 0x0000000100000000)
  eden space 222208K, 100% used [0x00000000e0000000,0x00000000ed900000,0x00000000ed900000)
  from space 142336K, 33% used [0x00000000ed900000,0x00000000f07b9770,0x00000000f6400000)
  to   space 136192K, 0% used [0x00000000f7680000,0x00000000f7680000,0x00000000ffb80000)
 ParOldGen       total 472576K, used 153886K [0x00000000a0000000, 0x00000000bcd80000, 0x00000000e0000000)
  object space 472576K, 32% used [0x00000000a0000000,0x00000000a9647a08,0x00000000bcd80000)
 Metaspace       used 100807K, capacity 105584K, committed 106880K, reserved 1142784K
  class space    used 12344K, capacity 13193K, committed 13440K, reserved 1048576K
Event: 3263.139 GC heap after
Heap after GC invocations=37 (full 5):
 PSYoungGen      total 369152K, used 47199K [0x00000000e0000000, 0x00000000fef00000, 0x0000000100000000)
  eden space 245760K, 0% used [0x00000000e0000000,0x00000000e0000000,0x00000000ef000000)
  from space 123392K, 38% used [0x00000000f7680000,0x00000000fa497c80,0x00000000fef00000)
  to   space 130560K, 0% used [0x00000000ef000000,0x00000000ef000000,0x00000000f6f80000)
 ParOldGen       total 472576K, used 153886K [0x00000000a0000000, 0x00000000bcd80000, 0x00000000e0000000)
  object space 472576K, 32% used [0x00000000a0000000,0x00000000a9647a08,0x00000000bcd80000)
 Metaspace       used 100807K, capacity 105584K, committed 106880K, reserved 1142784K
  class space    used 12344K, capacity 13193K, committed 13440K, reserved 1048576K
}
Event: 3263.801 GC heap before
{Heap before GC invocations=38 (full 5):
 PSYoungGen      total 369152K, used 292595K [0x00000000e0000000, 0x00000000fef00000, 0x0000000100000000)
  eden space 245760K, 99% used [0x00000000e0000000,0x00000000eefa52a8,0x00000000ef000000)
  from space 123392K, 38% used [0x00000000f7680000,0x00000000fa497c80,0x00000000fef00000)
  to   space 130560K, 0% used [0x00000000ef000000,0x00000000ef000000,0x00000000f6f80000)
 ParOldGen       total 472576K, used 154910K [0x00000000a0000000, 0x00000000bcd80000, 0x00000000e0000000)
  object space 472576K, 32% used [0x00000000a0000000,0x00000000a9747a18,0x00000000bcd80000)
 Metaspace       used 100818K, capacity 105584K, committed 106880K, reserved 1142784K
  class space    used 12345K, capacity 13193K, committed 13440K, reserved 1048576K
Event: 3263.852 GC heap after
Heap after GC invocations=38 (full 5):
 PSYoungGen      total 376320K, used 75809K [0x00000000e0000000, 0x0000000100000000, 0x0000000100000000)
  eden space 245760K, 0% used [0x00000000e0000000,0x00000000e0000000,0x00000000ef000000)
  from space 130560K, 58% used [0x00000000ef000000,0x00000000f3a08400,0x00000000f6f80000)
  to   space 130048K, 0% used [0x00000000f8100000,0x00000000f8100000,0x0000000100000000)
 ParOldGen       total 472576K, used 154910K [0x00000000a0000000, 0x00000000bcd80000, 0x00000000e0000000)
  object space 472576K, 32% used [0x00000000a0000000,0x00000000a9747a18,0x00000000bcd80000)
 Metaspace       used 100818K, capacity 105584K, committed 106880K, reserved 1142784K
  class space    used 12345K, capacity 13193K, committed 13440K, reserved 1048576K
}
Event: 5884.985 GC heap before
{Heap before GC invocations=39 (full 5):
 PSYoungGen      total 376320K, used 321569K [0x00000000e0000000, 0x0000000100000000, 0x0000000100000000)
  eden space 245760K, 100% used [0x00000000e0000000,0x00000000ef000000,0x00000000ef000000)
  from space 130560K, 58% used [0x00000000ef000000,0x00000000f3a08400,0x00000000f6f80000)
  to   space 130048K, 0% used [0x00000000f8100000,0x00000000f8100000,0x0000000100000000)
 ParOldGen       total 472576K, used 154936K [0x00000000a0000000, 0x00000000bcd80000, 0x00000000e0000000)
  object space 472576K, 32% used [0x00000000a0000000,0x00000000a974e230,0x00000000bcd80000)
 Metaspace       used 103871K, capacity 108858K, committed 109056K, reserved 1144832K
  class space    used 12636K, capacity 13506K, committed 13568K, reserved 1048576K
Event: 5885.703 GC heap after
Heap after GC invocations=39 (full 5):
 PSYoungGen      total 381952K, used 49299K [0x00000000e0000000, 0x00000000ff480000, 0x0000000100000000)
  eden space 263680K, 0% used [0x00000000e0000000,0x00000000e0000000,0x00000000f0180000)
  from space 118272K, 41% used [0x00000000f8100000,0x00000000fb124ff0,0x00000000ff480000)
  to   space 124416K, 0% used [0x00000000f0180000,0x00000000f0180000,0x00000000f7b00000)
 ParOldGen       total 472576K, used 154944K [0x00000000a0000000, 0x00000000bcd80000, 0x00000000e0000000)
  object space 472576K, 32% used [0x00000000a0000000,0x00000000a9750230,0x00000000bcd80000)
 Metaspace       used 103871K, capacity 108858K, committed 109056K, reserved 1144832K
  class space    used 12636K, capacity 13506K, committed 13568K, reserved 1048576K
}
Event: 5891.982 GC heap before
{Heap before GC invocations=40 (full 5):
 PSYoungGen      total 381952K, used 311769K [0x00000000e0000000, 0x00000000ff480000, 0x0000000100000000)
  eden space 263680K, 99% used [0x00000000e0000000,0x00000000f00515a8,0x00000000f0180000)
  from space 118272K, 41% used [0x00000000f8100000,0x00000000fb124ff0,0x00000000ff480000)
  to   space 124416K, 0% used [0x00000000f0180000,0x00000000f0180000,0x00000000f7b00000)
 ParOldGen       total 472576K, used 154944K [0x00000000a0000000, 0x00000000bcd80000, 0x00000000e0000000)
  object space 472576K, 32% used [0x00000000a0000000,0x00000000a9750230,0x00000000bcd80000)
 Metaspace       used 103942K, capacity 108952K, committed 109056K, reserved 1144832K
  class space    used 12639K, capacity 13511K, committed 13568K, reserved 1048576K
Event: 5892.609 GC heap after
Heap after GC invocations=40 (full 5):
 PSYoungGen      total 388096K, used 62460K [0x00000000e0000000, 0x00000000ff480000, 0x0000000100000000)
  eden space 263680K, 0% used [0x00000000e0000000,0x00000000e0000000,0x00000000f0180000)
  from space 124416K, 50% used [0x00000000f0180000,0x00000000f3e7f018,0x00000000f7b00000)
  to   space 118272K, 0% used [0x00000000f8100000,0x00000000f8100000,0x00000000ff480000)
 ParOldGen       total 472576K, used 154944K [0x00000000a0000000, 0x00000000bcd80000, 0x00000000e0000000)
  object space 472576K, 32% used [0x00000000a0000000,0x00000000a9750230,0x00000000bcd80000)
 Metaspace       used 103942K, capacity 108952K, committed 109056K, reserved 1144832K
  class space    used 12639K, capacity 13511K, committed 13568K, reserved 1048576K
}

